# JRE version: Java(TM) SE Runtime Environment (20.0.1+9) (build 20.0.1+9-29)
# Java VM: Java HotSpot(TM) 64-Bit Server VM (20.0.1+9-29, mixed mode, sharing, tiered, compressed oops, compressed class ptrs, g1 gc, windows-amd64)
GC Precious Log:
 CardTable entry size: 512
 Card Set container configuration: InlinePtr #cards 4 size 8 Array Of Cards #cards 32 size 80 Howl #buckets 8 coarsen threshold 7372 Howl Bitmap #cards 1024 size 144 coarsen threshold 921 Card regions per heap region 1 cards per card region 8192
 CPUs: 8 total, 8 available
 Memory: 24375M
 Large Page Support: Disabled
 NUMA Support: Disabled
 Compressed Oops: Enabled (Zero based)
 Heap Region Size: 4M
 Heap Min Capacity: 8M
 Heap Initial Capacity: 384M
 Heap Max Capacity: 6096M
 Pre-touch: Disabled
 Parallel Workers: 8
 Concurrent Workers: 2
 Concurrent Refinement Workers: 8
 Periodic GC: Disabled
Heap:
 garbage-first heap   total 86016K, used 38374K [0x0000000683000000, 0x0000000800000000)
  region size 4096K, 2 young (8192K), 2 survivors (8192K)
 Metaspace       used 69926K, committed 70720K, reserved 1114112K
  class space    used 9037K, committed 9408K, reserved 1048576K
GC Heap History (20 events):
Event: 3.347 GC heap after
{Heap after GC invocations=5 (full 0):
 garbage-first heap   total 81920K, used 17492K [0x0000000683000000, 0x0000000800000000)
  region size 4096K, 2 young (8192K), 2 survivors (8192K)
 Metaspace       used 26896K, committed 27264K, reserved 1114112K
  class space    used 3289K, committed 3456K, reserved 1048576K
}
Event: 4.013 GC heap before
{Heap before GC invocations=5 (full 0):
 garbage-first heap   total 81920K, used 50260K [0x0000000683000000, 0x0000000800000000)
  region size 4096K, 10 young (40960K), 2 survivors (8192K)
 Metaspace       used 30384K, committed 30848K, reserved 1114112K
  class space    used 3738K, committed 3968K, reserved 1048576K
}
Event: 4.020 GC heap after
{Heap after GC invocations=6 (full 0):
 garbage-first heap   total 81920K, used 19558K [0x0000000683000000, 0x0000000800000000)
  region size 4096K, 2 young (8192K), 2 survivors (8192K)
 Metaspace       used 30384K, committed 30848K, reserved 1114112K
  class space    used 3738K, committed 3968K, reserved 1048576K
}
Event: 5.027 GC heap before
{Heap before GC invocations=6 (full 0):
 garbage-first heap   total 81920K, used 48230K [0x0000000683000000, 0x0000000800000000)
  region size 4096K, 10 young (40960K), 2 survivors (8192K)
 Metaspace       used 35681K, committed 36160K, reserved 1114112K
  class space    used 4448K, committed 4672K, reserved 1048576K
}
Event: 5.042 GC heap after
{Heap after GC invocations=7 (full 0):
 garbage-first heap   total 81920K, used 22424K [0x0000000683000000, 0x0000000800000000)
  region size 4096K, 2 young (8192K), 2 survivors (8192K)
 Metaspace       used 35681K, committed 36160K, reserved 1114112K
  class space    used 4448K, committed 4672K, reserved 1048576K
}
Event: 6.223 GC heap before
{Heap before GC invocations=8 (full 0):
 garbage-first heap   total 81920K, used 59288K [0x0000000683000000, 0x0000000800000000)
  region size 4096K, 11 young (45056K), 2 survivors (8192K)
 Metaspace       used 40724K, committed 41280K, reserved 1114112K
  class space    used 5099K, committed 5376K, reserved 1048576K
}
Event: 6.235 GC heap after
{Heap after GC invocations=9 (full 0):
 garbage-first heap   total 81920K, used 25598K [0x0000000683000000, 0x0000000800000000)
  region size 4096K, 2 young (8192K), 2 survivors (8192K)
 Metaspace       used 40724K, committed 41280K, reserved 1114112K
  class space    used 5099K, committed 5376K, reserved 1048576K
}
Event: 7.495 GC heap before
{Heap before GC invocations=9 (full 0):
 garbage-first heap   total 81920K, used 62462K [0x0000000683000000, 0x0000000800000000)
  region size 4096K, 11 young (45056K), 2 survivors (8192K)
 Metaspace       used 45924K, committed 46592K, reserved 1114112K
  class space    used 5684K, committed 6016K, reserved 1048576K
}
Event: 7.509 GC heap after
{Heap after GC invocations=10 (full 0):
 garbage-first heap   total 81920K, used 26899K [0x0000000683000000, 0x0000000800000000)
  region size 4096K, 2 young (8192K), 2 survivors (8192K)
 Metaspace       used 45924K, committed 46592K, reserved 1114112K
  class space    used 5684K, committed 6016K, reserved 1048576K
}
Event: 9.310 GC heap before
{Heap before GC invocations=10 (full 0):
 garbage-first heap   total 81920K, used 63763K [0x0000000683000000, 0x0000000800000000)
  region size 4096K, 11 young (45056K), 2 survivors (8192K)
 Metaspace       used 50918K, committed 51520K, reserved 1114112K
  class space    used 6240K, committed 6528K, reserved 1048576K
}
Event: 9.323 GC heap after
{Heap after GC invocations=11 (full 0):
 garbage-first heap   total 81920K, used 30566K [0x0000000683000000, 0x0000000800000000)
  region size 4096K, 2 young (8192K), 2 survivors (8192K)
 Metaspace       used 50918K, committed 51520K, reserved 1114112K
  class space    used 6240K, committed 6528K, reserved 1048576K
}
Event: 10.841 GC heap before
{Heap before GC invocations=11 (full 0):
 garbage-first heap   total 81920K, used 63334K [0x0000000683000000, 0x0000000800000000)
  region size 4096K, 10 young (40960K), 2 survivors (8192K)
 Metaspace       used 56774K, committed 57408K, reserved 1114112K
  class space    used 7124K, committed 7424K, reserved 1048576K
}
Event: 10.846 GC heap after
{Heap after GC invocations=12 (full 0):
 garbage-first heap   total 81920K, used 32037K [0x0000000683000000, 0x0000000800000000)
  region size 4096K, 2 young (8192K), 2 survivors (8192K)
 Metaspace       used 56774K, committed 57408K, reserved 1114112K
  class space    used 7124K, committed 7424K, reserved 1048576K
}
Event: 11.230 GC heap before
{Heap before GC invocations=12 (full 0):
 garbage-first heap   total 81920K, used 40229K [0x0000000683000000, 0x0000000800000000)
  region size 4096K, 5 young (20480K), 2 survivors (8192K)
 Metaspace       used 59888K, committed 60480K, reserved 1114112K
  class space    used 7586K, committed 7872K, reserved 1048576K
}
Event: 11.234 GC heap after
{Heap after GC invocations=13 (full 0):
 garbage-first heap   total 81920K, used 32933K [0x0000000683000000, 0x0000000800000000)
  region size 4096K, 1 young (4096K), 1 survivors (4096K)
 Metaspace       used 59888K, committed 60480K, reserved 1114112K
  class space    used 7586K, committed 7872K, reserved 1048576K
}
Event: 11.866 GC heap before
{Heap before GC invocations=14 (full 0):
 garbage-first heap   total 81920K, used 65701K [0x0000000683000000, 0x0000000800000000)
  region size 4096K, 9 young (36864K), 1 survivors (4096K)
 Metaspace       used 65421K, committed 66112K, reserved 1114112K
  class space    used 8434K, committed 8768K, reserved 1048576K
}
Event: 11.871 GC heap after
{Heap after GC invocations=15 (full 0):
 garbage-first heap   total 81920K, used 34521K [0x0000000683000000, 0x0000000800000000)
  region size 4096K, 1 young (4096K), 1 survivors (4096K)
 Metaspace       used 65421K, committed 66112K, reserved 1114112K
  class space    used 8434K, committed 8768K, reserved 1048576K
}
Event: 12.599 GC heap before
{Heap before GC invocations=15 (full 0):
 garbage-first heap   total 81920K, used 71385K [0x0000000683000000, 0x0000000800000000)
  region size 4096K, 10 young (40960K), 1 survivors (4096K)
 Metaspace       used 68407K, committed 69184K, reserved 1114112K
  class space    used 8833K, committed 9216K, reserved 1048576K
}
Event: 12.606 GC heap after
{Heap after GC invocations=16 (full 0):
 garbage-first heap   total 86016K, used 36256K [0x0000000683000000, 0x0000000800000000)
  region size 4096K, 2 young (8192K), 2 survivors (8192K)
 Metaspace       used 68407K, committed 69184K, reserved 1114112K
  class space    used 8833K, committed 9216K, reserved 1048576K
}
Event: 13.184 GC heap before
{Heap before GC invocations=16 (full 0):
 garbage-first heap   total 86016K, used 64928K [0x0000000683000000, 0x0000000800000000)
  region size 4096K, 9 young (36864K), 2 survivors (8192K)
 Metaspace       used 69926K, committed 70720K, reserved 1114112K
  class space    used 9037K, committed 9408K, reserved 1048576K
}

