# JRE version: OpenJDK Runtime Environment Temurin-21.0.10+7 (21.0.10+7) (build 21.0.10+7-LTS)
# Java VM: OpenJDK 64-Bit Server VM Temurin-21.0.10+7 (21.0.10+7-LTS, mixed mode, sharing, tiered, compressed oops, compressed class ptrs, parallel gc, windows-amd64)
GC Precious Log:
 CardTable entry size: 512
 CPUs: 8 total, 8 available
 Memory: 24375M
 Large Page Support: Disabled
 NUMA Support: Disabled
 Compressed Oops: Enabled (32-bit)
 Alignments: Space 512K, Generation 512K, Heap 2M
 Heap Min Capacity: 100M
 Heap Initial Capacity: 100M
 Heap Max Capacity: 2G
 Pre-touch: Disabled
 Parallel Workers: 8
Heap:
 PSYoungGen      total 7680K, used 4012K [0x00000000d5580000, 0x00000000d6180000, 0x0000000100000000)
  eden space 6656K, 50% used [0x00000000d5580000,0x00000000d58cb3c0,0x00000000d5c00000)
  from space 1024K, 62% used [0x00000000d6000000,0x00000000d60a0000,0x00000000d6100000)
  to   space 512K, 0% used [0x00000000d6100000,0x00000000d6100000,0x00000000d6180000)
 ParOldGen       total 750080K, used 749985K [0x0000000080000000, 0x00000000adc80000, 0x00000000d5580000)
  object space 750080K, 99% used [0x0000000080000000,0x00000000adc686e0,0x00000000adc80000)
 Metaspace       used 103928K, committed 105856K, reserved 1179648K
  class space    used 10325K, committed 11200K, reserved 1048576K
GC Heap History (20 events):
Event: 23409.298 GC heap before
{Heap before GC invocations=10437 (full 15):
 PSYoungGen      total 8192K, used 7232K [0x00000000d5580000, 0x00000000d6400000, 0x0000000100000000)
  eden space 6656K, 100% used [0x00000000d5580000,0x00000000d5c00000,0x00000000d5c00000)
  from space 1536K, 37% used [0x00000000d6100000,0x00000000d6190000,0x00000000d6280000)
  to   space 1024K, 0% used [0x00000000d6300000,0x00000000d6300000,0x00000000d6400000)
 ParOldGen       total 743936K, used 743921K [0x0000000080000000, 0x00000000ad680000, 0x00000000d5580000)
  object space 743936K, 99% used [0x0000000080000000,0x00000000ad67c710,0x00000000ad680000)
 Metaspace       used 103899K, committed 105728K, reserved 1179648K
  class space    used 10325K, committed 11200K, reserved 1048576K
}
Event: 23409.300 GC heap after
{Heap after GC invocations=10437 (full 15):
 PSYoungGen      total 7680K, used 736K [0x00000000d5580000, 0x00000000d6400000, 0x0000000100000000)
  eden space 6656K, 0% used [0x00000000d5580000,0x00000000d5580000,0x00000000d5c00000)
  from space 1024K, 71% used [0x00000000d6300000,0x00000000d63b8020,0x00000000d6400000)
  to   space 1024K, 0% used [0x00000000d6200000,0x00000000d6200000,0x00000000d6300000)
 ParOldGen       total 744448K, used 744357K [0x0000000080000000, 0x00000000ad700000, 0x00000000d5580000)
  object space 744448K, 99% used [0x0000000080000000,0x00000000ad6e9760,0x00000000ad700000)
 Metaspace       used 103899K, committed 105728K, reserved 1179648K
  class space    used 10325K, committed 11200K, reserved 1048576K
}
Event: 23410.673 GC heap before
{Heap before GC invocations=10438 (full 15):
 PSYoungGen      total 7680K, used 7392K [0x00000000d5580000, 0x00000000d6400000, 0x0000000100000000)
  eden space 6656K, 99% used [0x00000000d5580000,0x00000000d5bffff0,0x00000000d5c00000)
  from space 1024K, 71% used [0x00000000d6300000,0x00000000d63b8020,0x00000000d6400000)
  to   space 1024K, 0% used [0x00000000d6200000,0x00000000d6200000,0x00000000d6300000)
 ParOldGen       total 744448K, used 744357K [0x0000000080000000, 0x00000000ad700000, 0x00000000d5580000)
  object space 744448K, 99% used [0x0000000080000000,0x00000000ad6e9760,0x00000000ad700000)
 Metaspace       used 103899K, committed 105728K, reserved 1179648K
  class space    used 10325K, committed 11200K, reserved 1048576K
}
Event: 23410.676 GC heap after
{Heap after GC invocations=10438 (full 15):
 PSYoungGen      total 7680K, used 868K [0x00000000d5580000, 0x00000000d6380000, 0x0000000100000000)
  eden space 6656K, 0% used [0x00000000d5580000,0x00000000d5580000,0x00000000d5c00000)
  from space 1024K, 84% used [0x00000000d6200000,0x00000000d62d9230,0x00000000d6300000)
  to   space 512K, 0% used [0x00000000d6300000,0x00000000d6300000,0x00000000d6380000)
 ParOldGen       total 745472K, used 744965K [0x0000000080000000, 0x00000000ad800000, 0x00000000d5580000)
  object space 745472K, 99% used [0x0000000080000000,0x00000000ad7817e0,0x00000000ad800000)
 Metaspace       used 103899K, committed 105728K, reserved 1179648K
  class space    used 10325K, committed 11200K, reserved 1048576K
}
Event: 23410.683 GC heap before
{Heap before GC invocations=10439 (full 15):
 PSYoungGen      total 7680K, used 7524K [0x00000000d5580000, 0x00000000d6380000, 0x0000000100000000)
  eden space 6656K, 100% used [0x00000000d5580000,0x00000000d5c00000,0x00000000d5c00000)
  from space 1024K, 84% used [0x00000000d6200000,0x00000000d62d9230,0x00000000d6300000)
  to   space 512K, 0% used [0x00000000d6300000,0x00000000d6300000,0x00000000d6380000)
 ParOldGen       total 745472K, used 744965K [0x0000000080000000, 0x00000000ad800000, 0x00000000d5580000)
  object space 745472K, 99% used [0x0000000080000000,0x00000000ad7817e0,0x00000000ad800000)
 Metaspace       used 103899K, committed 105728K, reserved 1179648K
  class space    used 10325K, committed 11200K, reserved 1048576K
}
Event: 23410.685 GC heap after
{Heap after GC invocations=10439 (full 15):
 PSYoungGen      total 7168K, used 512K [0x00000000d5580000, 0x00000000d6380000, 0x0000000100000000)
  eden space 6656K, 0% used [0x00000000d5580000,0x00000000d5580000,0x00000000d5c00000)
  from space 512K, 100% used [0x00000000d6300000,0x00000000d6380000,0x00000000d6380000)
  to   space 1536K, 0% used [0x00000000d6080000,0x00000000d6080000,0x00000000d6200000)
 ParOldGen       total 745984K, used 745788K [0x0000000080000000, 0x00000000ad880000, 0x00000000d5580000)
  object space 745984K, 99% used [0x0000000080000000,0x00000000ad84f330,0x00000000ad880000)
 Metaspace       used 103899K, committed 105728K, reserved 1179648K
  class space    used 10325K, committed 11200K, reserved 1048576K
}
Event: 23410.697 GC heap before
{Heap before GC invocations=10440 (full 15):
 PSYoungGen      total 7168K, used 7168K [0x00000000d5580000, 0x00000000d6380000, 0x0000000100000000)
  eden space 6656K, 100% used [0x00000000d5580000,0x00000000d5c00000,0x00000000d5c00000)
  from space 512K, 100% used [0x00000000d6300000,0x00000000d6380000,0x00000000d6380000)
  to   space 1536K, 0% used [0x00000000d6080000,0x00000000d6080000,0x00000000d6200000)
 ParOldGen       total 745984K, used 745788K [0x0000000080000000, 0x00000000ad880000, 0x00000000d5580000)
  object space 745984K, 99% used [0x0000000080000000,0x00000000ad84f330,0x00000000ad880000)
 Metaspace       used 103899K, committed 105728K, reserved 1179648K
  class space    used 10325K, committed 11200K, reserved 1048576K
}
Event: 23410.700 GC heap after
{Heap after GC invocations=10440 (full 15):
 PSYoungGen      total 8192K, used 851K [0x00000000d5580000, 0x00000000d6380000, 0x0000000100000000)
  eden space 6656K, 0% used [0x00000000d5580000,0x00000000d5580000,0x00000000d5c00000)
  from space 1536K, 55% used [0x00000000d6080000,0x00000000d6154d80,0x00000000d6200000)
  to   space 1536K, 0% used [0x00000000d6200000,0x00000000d6200000,0x00000000d6380000)
 ParOldGen       total 746496K, used 746268K [0x0000000080000000, 0x00000000ad900000, 0x00000000d5580000)
  object space 746496K, 99% used [0x0000000080000000,0x00000000ad8c7360,0x00000000ad900000)
 Metaspace       used 103899K, committed 105728K, reserved 1179648K
  class space    used 10325K, committed 11200K, reserved 1048576K
}
Event: 23411.065 GC heap before
{Heap before GC invocations=10441 (full 15):
 PSYoungGen      total 8192K, used 7507K [0x00000000d5580000, 0x00000000d6380000, 0x0000000100000000)
  eden space 6656K, 100% used [0x00000000d5580000,0x00000000d5c00000,0x00000000d5c00000)
  from space 1536K, 55% used [0x00000000d6080000,0x00000000d6154d80,0x00000000d6200000)
  to   space 1536K, 0% used [0x00000000d6200000,0x00000000d6200000,0x00000000d6380000)
 ParOldGen       total 746496K, used 746268K [0x0000000080000000, 0x00000000ad900000, 0x00000000d5580000)
  object space 746496K, 99% used [0x0000000080000000,0x00000000ad8c7360,0x00000000ad900000)
 Metaspace       used 103914K, committed 105792K, reserved 1179648K
  class space    used 10325K, committed 11200K, reserved 1048576K
}
Event: 23411.067 GC heap after
{Heap after GC invocations=10441 (full 15):
 PSYoungGen      total 7680K, used 671K [0x00000000d5580000, 0x00000000d6300000, 0x0000000100000000)
  eden space 6656K, 0% used [0x00000000d5580000,0x00000000d5580000,0x00000000d5c00000)
  from space 1024K, 65% used [0x00000000d6200000,0x00000000d62a7c20,0x00000000d6300000)
  to   space 1024K, 0% used [0x00000000d6100000,0x00000000d6100000,0x00000000d6200000)
 ParOldGen       total 747008K, used 746834K [0x0000000080000000, 0x00000000ad980000, 0x00000000d5580000)
  object space 747008K, 99% used [0x0000000080000000,0x00000000ad954930,0x00000000ad980000)
 Metaspace       used 103914K, committed 105792K, reserved 1179648K
  class space    used 10325K, committed 11200K, reserved 1048576K
}
Event: 23411.073 GC heap before
{Heap before GC invocations=10442 (full 15):
 PSYoungGen      total 7680K, used 7326K [0x00000000d5580000, 0x00000000d6300000, 0x0000000100000000)
  eden space 6656K, 99% used [0x00000000d5580000,0x00000000d5bfffb0,0x00000000d5c00000)
  from space 1024K, 65% used [0x00000000d6200000,0x00000000d62a7c20,0x00000000d6300000)
  to   space 1024K, 0% used [0x00000000d6100000,0x00000000d6100000,0x00000000d6200000)
 ParOldGen       total 747008K, used 746834K [0x0000000080000000, 0x00000000ad980000, 0x00000000d5580000)
  object space 747008K, 99% used [0x0000000080000000,0x00000000ad954930,0x00000000ad980000)
 Metaspace       used 103914K, committed 105792K, reserved 1179648K
  class space    used 10325K, committed 11200K, reserved 1048576K
}
Event: 23411.074 GC heap after
{Heap after GC invocations=10442 (full 15):
 PSYoungGen      total 7680K, used 720K [0x00000000d5580000, 0x00000000d6280000, 0x0000000100000000)
  eden space 6656K, 0% used [0x00000000d5580000,0x00000000d5580000,0x00000000d5c00000)
  from space 1024K, 70% used [0x00000000d6100000,0x00000000d61b4010,0x00000000d6200000)
  to   space 512K, 0% used [0x00000000d6200000,0x00000000d6200000,0x00000000d6280000)
 ParOldGen       total 747520K, used 747387K [0x0000000080000000, 0x00000000ada00000, 0x00000000d5580000)
  object space 747520K, 99% used [0x0000000080000000,0x00000000ad9def60,0x00000000ada00000)
 Metaspace       used 103914K, committed 105792K, reserved 1179648K
  class space    used 10325K, committed 11200K, reserved 1048576K
}
Event: 23411.081 GC heap before
{Heap before GC invocations=10443 (full 15):
 PSYoungGen      total 7680K, used 7376K [0x00000000d5580000, 0x00000000d6280000, 0x0000000100000000)
  eden space 6656K, 100% used [0x00000000d5580000,0x00000000d5c00000,0x00000000d5c00000)
  from space 1024K, 70% used [0x00000000d6100000,0x00000000d61b4010,0x00000000d6200000)
  to   space 512K, 0% used [0x00000000d6200000,0x00000000d6200000,0x00000000d6280000)
 ParOldGen       total 747520K, used 747387K [0x0000000080000000, 0x00000000ada00000, 0x00000000d5580000)
  object space 747520K, 99% used [0x0000000080000000,0x00000000ad9def60,0x00000000ada00000)
 Metaspace       used 103914K, committed 105792K, reserved 1179648K
  class space    used 10325K, committed 11200K, reserved 1048576K
}
Event: 23411.084 GC heap after
{Heap after GC invocations=10443 (full 15):
 PSYoungGen      total 7168K, used 512K [0x00000000d5580000, 0x00000000d6280000, 0x0000000100000000)
  eden space 6656K, 0% used [0x00000000d5580000,0x00000000d5580000,0x00000000d5c00000)
  from space 512K, 100% used [0x00000000d6200000,0x00000000d6280000,0x00000000d6280000)
  to   space 1536K, 0% used [0x00000000d5f80000,0x00000000d5f80000,0x00000000d6100000)
 ParOldGen       total 748544K, used 748049K [0x0000000080000000, 0x00000000adb00000, 0x00000000d5580000)
  object space 748544K, 99% used [0x0000000080000000,0x00000000ada84610,0x00000000adb00000)
 Metaspace       used 103914K, committed 105792K, reserved 1179648K
  class space    used 10325K, committed 11200K, reserved 1048576K
}
Event: 23411.092 GC heap before
{Heap before GC invocations=10444 (full 15):
 PSYoungGen      total 7168K, used 7168K [0x00000000d5580000, 0x00000000d6280000, 0x0000000100000000)
  eden space 6656K, 100% used [0x00000000d5580000,0x00000000d5c00000,0x00000000d5c00000)
  from space 512K, 100% used [0x00000000d6200000,0x00000000d6280000,0x00000000d6280000)
  to   space 1536K, 0% used [0x00000000d5f80000,0x00000000d5f80000,0x00000000d6100000)
 ParOldGen       total 748544K, used 748049K [0x0000000080000000, 0x00000000adb00000, 0x00000000d5580000)
  object space 748544K, 99% used [0x0000000080000000,0x00000000ada84610,0x00000000adb00000)
 Metaspace       used 103914K, committed 105792K, reserved 1179648K
  class space    used 10325K, committed 11200K, reserved 1048576K
}
Event: 23411.094 GC heap after
{Heap after GC invocations=10444 (full 15):
 PSYoungGen      total 8192K, used 1060K [0x00000000d5580000, 0x00000000d6280000, 0x0000000100000000)
  eden space 6656K, 0% used [0x00000000d5580000,0x00000000d5580000,0x00000000d5c00000)
  from space 1536K, 69% used [0x00000000d5f80000,0x00000000d6089210,0x00000000d6100000)
  to   space 1536K, 0% used [0x00000000d6100000,0x00000000d6100000,0x00000000d6280000)
 ParOldGen       total 748544K, used 748529K [0x0000000080000000, 0x00000000adb00000, 0x00000000d5580000)
  object space 748544K, 99% used [0x0000000080000000,0x00000000adafc670,0x00000000adb00000)
 Metaspace       used 103914K, committed 105792K, reserved 1179648K
  class space    used 10325K, committed 11200K, reserved 1048576K
}
Event: 23411.100 GC heap before
{Heap before GC invocations=10445 (full 15):
 PSYoungGen      total 8192K, used 7716K [0x00000000d5580000, 0x00000000d6280000, 0x0000000100000000)
  eden space 6656K, 100% used [0x00000000d5580000,0x00000000d5c00000,0x00000000d5c00000)
  from space 1536K, 69% used [0x00000000d5f80000,0x00000000d6089210,0x00000000d6100000)
  to   space 1536K, 0% used [0x00000000d6100000,0x00000000d6100000,0x00000000d6280000)
 ParOldGen       total 748544K, used 748529K [0x0000000080000000, 0x00000000adb00000, 0x00000000d5580000)
  object space 748544K, 99% used [0x0000000080000000,0x00000000adafc670,0x00000000adb00000)
 Metaspace       used 103914K, committed 105792K, reserved 1179648K
  class space    used 10325K, committed 11200K, reserved 1048576K
}
Event: 23411.102 GC heap after
{Heap after GC invocations=10445 (full 15):
 PSYoungGen      total 7680K, used 592K [0x00000000d5580000, 0x00000000d6200000, 0x0000000100000000)
  eden space 6656K, 0% used [0x00000000d5580000,0x00000000d5580000,0x00000000d5c00000)
  from space 1024K, 57% used [0x00000000d6100000,0x00000000d6194010,0x00000000d6200000)
  to   space 1024K, 0% used [0x00000000d6000000,0x00000000d6000000,0x00000000d6100000)
 ParOldGen       total 749568K, used 749473K [0x0000000080000000, 0x00000000adc00000, 0x00000000d5580000)
  object space 749568K, 99% used [0x0000000080000000,0x00000000adbe8680,0x00000000adc00000)
 Metaspace       used 103914K, committed 105792K, reserved 1179648K
  class space    used 10325K, committed 11200K, reserved 1048576K
}
Event: 23573.148 GC heap before
{Heap before GC invocations=10446 (full 15):
 PSYoungGen      total 7680K, used 7248K [0x00000000d5580000, 0x00000000d6200000, 0x0000000100000000)
  eden space 6656K, 100% used [0x00000000d5580000,0x00000000d5c00000,0x00000000d5c00000)
  from space 1024K, 57% used [0x00000000d6100000,0x00000000d6194010,0x00000000d6200000)
  to   space 1024K, 0% used [0x00000000d6000000,0x00000000d6000000,0x00000000d6100000)
 ParOldGen       total 749568K, used 749473K [0x0000000080000000, 0x00000000adc00000, 0x00000000d5580000)
  object space 749568K, 99% used [0x0000000080000000,0x00000000adbe8680,0x00000000adc00000)
 Metaspace       used 103918K, committed 105792K, reserved 1179648K
  class space    used 10325K, committed 11200K, reserved 1048576K
}
Event: 23573.156 GC heap after
{Heap after GC invocations=10446 (full 15):
 PSYoungGen      total 7680K, used 640K [0x00000000d5580000, 0x00000000d6180000, 0x0000000100000000)
  eden space 6656K, 0% used [0x00000000d5580000,0x00000000d5580000,0x00000000d5c00000)
  from space 1024K, 62% used [0x00000000d6000000,0x00000000d60a0000,0x00000000d6100000)
  to   space 512K, 0% used [0x00000000d6100000,0x00000000d6100000,0x00000000d6180000)
 ParOldGen       total 750080K, used 749985K [0x0000000080000000, 0x00000000adc80000, 0x00000000d5580000)
  object space 750080K, 99% used [0x0000000080000000,0x00000000adc686e0,0x00000000adc80000)
 Metaspace       used 103918K, committed 105792K, reserved 1179648K
  class space    used 10325K, committed 11200K, reserved 1048576K
}

