# JRE version: OpenJDK Runtime Environment Temurin-21.0.10+7 (21.0.10+7) (build 21.0.10+7-LTS)
# Java VM: OpenJDK 64-Bit Server VM Temurin-21.0.10+7 (21.0.10+7-LTS, mixed mode, sharing, tiered, compressed oops, compressed class ptrs, parallel gc, windows-amd64)
GC Precious Log:
 CardTable entry size: 512
 CPUs: 8 total, 8 available
 Memory: 24375M
 Large Page Support: Disabled
 NUMA Support: Disabled
 Compressed Oops: Enabled (32-bit)
 Alignments: Space 512K, Generation 512K, Heap 2M
 Heap Min Capacity: 100M
 Heap Initial Capacity: 100M
 Heap Max Capacity: 2G
 Pre-touch: Disabled
 Parallel Workers: 8
Heap:
 PSYoungGen      total 9216K, used 5339K [0x00000000d5580000, 0x00000000d6000000, 0x0000000100000000)
  eden space 8192K, 53% used [0x00000000d5580000,0x00000000d59c2ee8,0x00000000d5d80000)
  from space 1024K, 95% used [0x00000000d5e80000,0x00000000d5f74010,0x00000000d5f80000)
  to   space 512K, 0% used [0x00000000d5f80000,0x00000000d5f80000,0x00000000d6000000)
 ParOldGen       total 1023488K, used 1023122K [0x0000000080000000, 0x00000000be780000, 0x00000000d5580000)
  object space 1023488K, 99% used [0x0000000080000000,0x00000000be724b90,0x00000000be780000)
 Metaspace       used 93004K, committed 94912K, reserved 1179648K
  class space    used 9648K, committed 10496K, reserved 1048576K
GC Heap History (20 events):
Event: 19688.630 GC heap before
{Heap before GC invocations=1746 (full 5):
 PSYoungGen      total 10752K, used 10432K [0x00000000d5580000, 0x00000000d6480000, 0x0000000100000000)
  eden space 7168K, 100% used [0x00000000d5580000,0x00000000d5c80000,0x00000000d5c80000)
  from space 3584K, 91% used [0x00000000d5d80000,0x00000000d60b0000,0x00000000d6100000)
  to   space 3584K, 0% used [0x00000000d6100000,0x00000000d6100000,0x00000000d6480000)
 ParOldGen       total 1013248K, used 1012955K [0x0000000080000000, 0x00000000bdd80000, 0x00000000d5580000)
  object space 1013248K, 99% used [0x0000000080000000,0x00000000bdd36f80,0x00000000bdd80000)
 Metaspace       used 92931K, committed 94848K, reserved 1179648K
  class space    used 9648K, committed 10496K, reserved 1048576K
}
Event: 19688.641 GC heap after
{Heap after GC invocations=1746 (full 5):
 PSYoungGen      total 8192K, used 858K [0x00000000d5580000, 0x00000000d6200000, 0x0000000100000000)
  eden space 7168K, 0% used [0x00000000d5580000,0x00000000d5580000,0x00000000d5c80000)
  from space 1024K, 83% used [0x00000000d6100000,0x00000000d61d6900,0x00000000d6200000)
  to   space 2048K, 0% used [0x00000000d5e00000,0x00000000d5e00000,0x00000000d6000000)
 ParOldGen       total 1016320K, used 1016019K [0x0000000080000000, 0x00000000be080000, 0x00000000d5580000)
  object space 1016320K, 99% used [0x0000000080000000,0x00000000be034ff0,0x00000000be080000)
 Metaspace       used 92931K, committed 94848K, reserved 1179648K
  class space    used 9648K, committed 10496K, reserved 1048576K
}
Event: 19688.655 GC heap before
{Heap before GC invocations=1747 (full 5):
 PSYoungGen      total 8192K, used 8026K [0x00000000d5580000, 0x00000000d6200000, 0x0000000100000000)
  eden space 7168K, 100% used [0x00000000d5580000,0x00000000d5c80000,0x00000000d5c80000)
  from space 1024K, 83% used [0x00000000d6100000,0x00000000d61d6900,0x00000000d6200000)
  to   space 2048K, 0% used [0x00000000d5e00000,0x00000000d5e00000,0x00000000d6000000)
 ParOldGen       total 1016320K, used 1016019K [0x0000000080000000, 0x00000000be080000, 0x00000000d5580000)
  object space 1016320K, 99% used [0x0000000080000000,0x00000000be034ff0,0x00000000be080000)
 Metaspace       used 92931K, committed 94848K, reserved 1179648K
  class space    used 9648K, committed 10496K, reserved 1048576K
}
Event: 19688.658 GC heap after
{Heap after GC invocations=1747 (full 5):
 PSYoungGen      total 9216K, used 576K [0x00000000d5580000, 0x00000000d6180000, 0x0000000100000000)
  eden space 7168K, 0% used [0x00000000d5580000,0x00000000d5580000,0x00000000d5c80000)
  from space 2048K, 28% used [0x00000000d5e00000,0x00000000d5e90000,0x00000000d6000000)
  to   space 1024K, 0% used [0x00000000d6080000,0x00000000d6080000,0x00000000d6180000)
 ParOldGen       total 1016832K, used 1016733K [0x0000000080000000, 0x00000000be100000, 0x00000000d5580000)
  object space 1016832K, 99% used [0x0000000080000000,0x00000000be0e74e0,0x00000000be100000)
 Metaspace       used 92931K, committed 94848K, reserved 1179648K
  class space    used 9648K, committed 10496K, reserved 1048576K
}
Event: 19688.676 GC heap before
{Heap before GC invocations=1748 (full 5):
 PSYoungGen      total 9216K, used 7744K [0x00000000d5580000, 0x00000000d6180000, 0x0000000100000000)
  eden space 7168K, 100% used [0x00000000d5580000,0x00000000d5c80000,0x00000000d5c80000)
  from space 2048K, 28% used [0x00000000d5e00000,0x00000000d5e90000,0x00000000d6000000)
  to   space 1024K, 0% used [0x00000000d6080000,0x00000000d6080000,0x00000000d6180000)
 ParOldGen       total 1016832K, used 1016733K [0x0000000080000000, 0x00000000be100000, 0x00000000d5580000)
  object space 1016832K, 99% used [0x0000000080000000,0x00000000be0e74e0,0x00000000be100000)
 Metaspace       used 92938K, committed 94848K, reserved 1179648K
  class space    used 9648K, committed 10496K, reserved 1048576K
}
Event: 19688.679 GC heap after
{Heap after GC invocations=1748 (full 5):
 PSYoungGen      total 8192K, used 1012K [0x00000000d5580000, 0x00000000d6180000, 0x0000000100000000)
  eden space 7168K, 0% used [0x00000000d5580000,0x00000000d5580000,0x00000000d5c80000)
  from space 1024K, 98% used [0x00000000d6080000,0x00000000d617d200,0x00000000d6180000)
  to   space 2048K, 0% used [0x00000000d5d80000,0x00000000d5d80000,0x00000000d5f80000)
 ParOldGen       total 1017344K, used 1017305K [0x0000000080000000, 0x00000000be180000, 0x00000000d5580000)
  object space 1017344K, 99% used [0x0000000080000000,0x00000000be176570,0x00000000be180000)
 Metaspace       used 92938K, committed 94848K, reserved 1179648K
  class space    used 9648K, committed 10496K, reserved 1048576K
}
Event: 19688.687 GC heap before
{Heap before GC invocations=1749 (full 5):
 PSYoungGen      total 8192K, used 8180K [0x00000000d5580000, 0x00000000d6180000, 0x0000000100000000)
  eden space 7168K, 100% used [0x00000000d5580000,0x00000000d5c80000,0x00000000d5c80000)
  from space 1024K, 98% used [0x00000000d6080000,0x00000000d617d200,0x00000000d6180000)
  to   space 2048K, 0% used [0x00000000d5d80000,0x00000000d5d80000,0x00000000d5f80000)
 ParOldGen       total 1017344K, used 1017305K [0x0000000080000000, 0x00000000be180000, 0x00000000d5580000)
  object space 1017344K, 99% used [0x0000000080000000,0x00000000be176570,0x00000000be180000)
 Metaspace       used 92938K, committed 94848K, reserved 1179648K
  class space    used 9648K, committed 10496K, reserved 1048576K
}
Event: 19688.691 GC heap after
{Heap after GC invocations=1749 (full 5):
 PSYoungGen      total 10240K, used 672K [0x00000000d5580000, 0x00000000d6100000, 0x0000000100000000)
  eden space 8192K, 0% used [0x00000000d5580000,0x00000000d5580000,0x00000000d5d80000)
  from space 2048K, 32% used [0x00000000d5d80000,0x00000000d5e28000,0x00000000d5f80000)
  to   space 1024K, 0% used [0x00000000d6000000,0x00000000d6000000,0x00000000d6100000)
 ParOldGen       total 1018368K, used 1018302K [0x0000000080000000, 0x00000000be280000, 0x00000000d5580000)
  object space 1018368K, 99% used [0x0000000080000000,0x00000000be26f950,0x00000000be280000)
 Metaspace       used 92938K, committed 94848K, reserved 1179648K
  class space    used 9648K, committed 10496K, reserved 1048576K
}
Event: 19688.710 GC heap before
{Heap before GC invocations=1750 (full 5):
 PSYoungGen      total 10240K, used 8864K [0x00000000d5580000, 0x00000000d6100000, 0x0000000100000000)
  eden space 8192K, 100% used [0x00000000d5580000,0x00000000d5d80000,0x00000000d5d80000)
  from space 2048K, 32% used [0x00000000d5d80000,0x00000000d5e28000,0x00000000d5f80000)
  to   space 1024K, 0% used [0x00000000d6000000,0x00000000d6000000,0x00000000d6100000)
 ParOldGen       total 1018368K, used 1018302K [0x0000000080000000, 0x00000000be280000, 0x00000000d5580000)
  object space 1018368K, 99% used [0x0000000080000000,0x00000000be26f950,0x00000000be280000)
 Metaspace       used 92938K, committed 94848K, reserved 1179648K
  class space    used 9648K, committed 10496K, reserved 1048576K
}
Event: 19688.712 GC heap after
{Heap after GC invocations=1750 (full 5):
 PSYoungGen      total 9216K, used 960K [0x00000000d5580000, 0x00000000d6100000, 0x0000000100000000)
  eden space 8192K, 0% used [0x00000000d5580000,0x00000000d5580000,0x00000000d5d80000)
  from space 1024K, 93% used [0x00000000d6000000,0x00000000d60f0000,0x00000000d6100000)
  to   space 1024K, 0% used [0x00000000d5f00000,0x00000000d5f00000,0x00000000d6000000)
 ParOldGen       total 1019392K, used 1018902K [0x0000000080000000, 0x00000000be380000, 0x00000000d5580000)
  object space 1019392K, 99% used [0x0000000080000000,0x00000000be3059d0,0x00000000be380000)
 Metaspace       used 92938K, committed 94848K, reserved 1179648K
  class space    used 9648K, committed 10496K, reserved 1048576K
}
Event: 19688.730 GC heap before
{Heap before GC invocations=1751 (full 5):
 PSYoungGen      total 9216K, used 9152K [0x00000000d5580000, 0x00000000d6100000, 0x0000000100000000)
  eden space 8192K, 100% used [0x00000000d5580000,0x00000000d5d80000,0x00000000d5d80000)
  from space 1024K, 93% used [0x00000000d6000000,0x00000000d60f0000,0x00000000d6100000)
  to   space 1024K, 0% used [0x00000000d5f00000,0x00000000d5f00000,0x00000000d6000000)
 ParOldGen       total 1019392K, used 1018902K [0x0000000080000000, 0x00000000be380000, 0x00000000d5580000)
  object space 1019392K, 99% used [0x0000000080000000,0x00000000be3059d0,0x00000000be380000)
 Metaspace       used 92939K, committed 94848K, reserved 1179648K
  class space    used 9648K, committed 10496K, reserved 1048576K
}
Event: 19688.733 GC heap after
{Heap after GC invocations=1751 (full 5):
 PSYoungGen      total 9216K, used 1012K [0x00000000d5580000, 0x00000000d6180000, 0x0000000100000000)
  eden space 8192K, 0% used [0x00000000d5580000,0x00000000d5580000,0x00000000d5d80000)
  from space 1024K, 98% used [0x00000000d5f00000,0x00000000d5ffd200,0x00000000d6000000)
  to   space 1536K, 0% used [0x00000000d6000000,0x00000000d6000000,0x00000000d6180000)
 ParOldGen       total 1019904K, used 1019726K [0x0000000080000000, 0x00000000be400000, 0x00000000d5580000)
  object space 1019904K, 99% used [0x0000000080000000,0x00000000be3d3940,0x00000000be400000)
 Metaspace       used 92939K, committed 94848K, reserved 1179648K
  class space    used 9648K, committed 10496K, reserved 1048576K
}
Event: 19688.748 GC heap before
{Heap before GC invocations=1752 (full 5):
 PSYoungGen      total 9216K, used 9204K [0x00000000d5580000, 0x00000000d6180000, 0x0000000100000000)
  eden space 8192K, 100% used [0x00000000d5580000,0x00000000d5d80000,0x00000000d5d80000)
  from space 1024K, 98% used [0x00000000d5f00000,0x00000000d5ffd200,0x00000000d6000000)
  to   space 1536K, 0% used [0x00000000d6000000,0x00000000d6000000,0x00000000d6180000)
 ParOldGen       total 1019904K, used 1019726K [0x0000000080000000, 0x00000000be400000, 0x00000000d5580000)
  object space 1019904K, 99% used [0x0000000080000000,0x00000000be3d3940,0x00000000be400000)
 Metaspace       used 92939K, committed 94848K, reserved 1179648K
  class space    used 9648K, committed 10496K, reserved 1048576K
}
Event: 19688.751 GC heap after
{Heap after GC invocations=1752 (full 5):
 PSYoungGen      total 9216K, used 672K [0x00000000d5580000, 0x00000000d6100000, 0x0000000100000000)
  eden space 8192K, 0% used [0x00000000d5580000,0x00000000d5580000,0x00000000d5d80000)
  from space 1024K, 65% used [0x00000000d6000000,0x00000000d60a8000,0x00000000d6100000)
  to   space 1536K, 0% used [0x00000000d5e00000,0x00000000d5e00000,0x00000000d5f80000)
 ParOldGen       total 1020928K, used 1020726K [0x0000000080000000, 0x00000000be500000, 0x00000000d5580000)
  object space 1020928K, 99% used [0x0000000080000000,0x00000000be4cda88,0x00000000be500000)
 Metaspace       used 92939K, committed 94848K, reserved 1179648K
  class space    used 9648K, committed 10496K, reserved 1048576K
}
Event: 19688.771 GC heap before
{Heap before GC invocations=1753 (full 5):
 PSYoungGen      total 9216K, used 8864K [0x00000000d5580000, 0x00000000d6100000, 0x0000000100000000)
  eden space 8192K, 100% used [0x00000000d5580000,0x00000000d5d80000,0x00000000d5d80000)
  from space 1024K, 65% used [0x00000000d6000000,0x00000000d60a8000,0x00000000d6100000)
  to   space 1536K, 0% used [0x00000000d5e00000,0x00000000d5e00000,0x00000000d5f80000)
 ParOldGen       total 1020928K, used 1020726K [0x0000000080000000, 0x00000000be500000, 0x00000000d5580000)
  object space 1020928K, 99% used [0x0000000080000000,0x00000000be4cda88,0x00000000be500000)
 Metaspace       used 92941K, committed 94848K, reserved 1179648K
  class space    used 9648K, committed 10496K, reserved 1048576K
}
Event: 19688.774 GC heap after
{Heap after GC invocations=1753 (full 5):
 PSYoungGen      total 9728K, used 1252K [0x00000000d5580000, 0x00000000d6080000, 0x0000000100000000)
  eden space 8192K, 0% used [0x00000000d5580000,0x00000000d5580000,0x00000000d5d80000)
  from space 1536K, 81% used [0x00000000d5e00000,0x00000000d5f39210,0x00000000d5f80000)
  to   space 1024K, 0% used [0x00000000d5f80000,0x00000000d5f80000,0x00000000d6080000)
 ParOldGen       total 1021440K, used 1021302K [0x0000000080000000, 0x00000000be580000, 0x00000000d5580000)
  object space 1021440K, 99% used [0x0000000080000000,0x00000000be55dae8,0x00000000be580000)
 Metaspace       used 92941K, committed 94848K, reserved 1179648K
  class space    used 9648K, committed 10496K, reserved 1048576K
}
Event: 19688.795 GC heap before
{Heap before GC invocations=1754 (full 5):
 PSYoungGen      total 9728K, used 9444K [0x00000000d5580000, 0x00000000d6080000, 0x0000000100000000)
  eden space 8192K, 100% used [0x00000000d5580000,0x00000000d5d80000,0x00000000d5d80000)
  from space 1536K, 81% used [0x00000000d5e00000,0x00000000d5f39210,0x00000000d5f80000)
  to   space 1024K, 0% used [0x00000000d5f80000,0x00000000d5f80000,0x00000000d6080000)
 ParOldGen       total 1021440K, used 1021302K [0x0000000080000000, 0x00000000be580000, 0x00000000d5580000)
  object space 1021440K, 99% used [0x0000000080000000,0x00000000be55dae8,0x00000000be580000)
 Metaspace       used 92941K, committed 94848K, reserved 1179648K
  class space    used 9648K, committed 10496K, reserved 1048576K
}
Event: 19688.798 GC heap after
{Heap after GC invocations=1754 (full 5):
 PSYoungGen      total 9216K, used 800K [0x00000000d5580000, 0x00000000d6080000, 0x0000000100000000)
  eden space 8192K, 0% used [0x00000000d5580000,0x00000000d5580000,0x00000000d5d80000)
  from space 1024K, 78% used [0x00000000d5f80000,0x00000000d6048000,0x00000000d6080000)
  to   space 1024K, 0% used [0x00000000d5e80000,0x00000000d5e80000,0x00000000d5f80000)
 ParOldGen       total 1022464K, used 1022410K [0x0000000080000000, 0x00000000be680000, 0x00000000d5580000)
  object space 1022464K, 99% used [0x0000000080000000,0x00000000be672b30,0x00000000be680000)
 Metaspace       used 92941K, committed 94848K, reserved 1179648K
  class space    used 9648K, committed 10496K, reserved 1048576K
}
Event: 19758.251 GC heap before
{Heap before GC invocations=1755 (full 5):
 PSYoungGen      total 9216K, used 8992K [0x00000000d5580000, 0x00000000d6080000, 0x0000000100000000)
  eden space 8192K, 100% used [0x00000000d5580000,0x00000000d5d80000,0x00000000d5d80000)
  from space 1024K, 78% used [0x00000000d5f80000,0x00000000d6048000,0x00000000d6080000)
  to   space 1024K, 0% used [0x00000000d5e80000,0x00000000d5e80000,0x00000000d5f80000)
 ParOldGen       total 1022464K, used 1022410K [0x0000000080000000, 0x00000000be680000, 0x00000000d5580000)
  object space 1022464K, 99% used [0x0000000080000000,0x00000000be672b30,0x00000000be680000)
 Metaspace       used 92953K, committed 94848K, reserved 1179648K
  class space    used 9648K, committed 10496K, reserved 1048576K
}
Event: 19758.258 GC heap after
{Heap after GC invocations=1755 (full 5):
 PSYoungGen      total 9216K, used 976K [0x00000000d5580000, 0x00000000d6000000, 0x0000000100000000)
  eden space 8192K, 0% used [0x00000000d5580000,0x00000000d5580000,0x00000000d5d80000)
  from space 1024K, 95% used [0x00000000d5e80000,0x00000000d5f74010,0x00000000d5f80000)
  to   space 512K, 0% used [0x00000000d5f80000,0x00000000d5f80000,0x00000000d6000000)
 ParOldGen       total 1023488K, used 1023122K [0x0000000080000000, 0x00000000be780000, 0x00000000d5580000)
  object space 1023488K, 99% used [0x0000000080000000,0x00000000be724b90,0x00000000be780000)
 Metaspace       used 92953K, committed 94848K, reserved 1179648K
  class space    used 9648K, committed 10496K, reserved 1048576K
}

