# JRE version: OpenJDK Runtime Environment Temurin-21.0.10+7 (21.0.10+7) (build 21.0.10+7-LTS)
# Java VM: OpenJDK 64-Bit Server VM Temurin-21.0.10+7 (21.0.10+7-LTS, mixed mode, sharing, tiered, compressed oops, compressed class ptrs, parallel gc, windows-amd64)
GC Precious Log:
 CardTable entry size: 512
 CPUs: 8 total, 8 available
 Memory: 24375M
 Large Page Support: Disabled
 NUMA Support: Disabled
 Compressed Oops: Enabled (32-bit)
 Alignments: Space 512K, Generation 512K, Heap 2M
 Heap Min Capacity: 100M
 Heap Initial Capacity: 100M
 Heap Max Capacity: 2G
 Pre-touch: Disabled
 Parallel Workers: 8
Heap:
 PSYoungGen      total 9216K, used 829K [0x00000000d5580000, 0x00000000d6280000, 0x0000000100000000)
  eden space 8704K, 5% used [0x00000000d5580000,0x00000000d55ff6b0,0x00000000d5e00000)
  from space 512K, 62% used [0x00000000d6180000,0x00000000d61d0000,0x00000000d6200000)
  to   space 512K, 0% used [0x00000000d6200000,0x00000000d6200000,0x00000000d6280000)
 ParOldGen       total 68608K, used 58823K [0x0000000080000000, 0x0000000084300000, 0x00000000d5580000)
  object space 68608K, 85% used [0x0000000080000000,0x0000000083971c80,0x0000000084300000)
 Metaspace       used 56992K, committed 58304K, reserved 1114112K
  class space    used 6307K, committed 6912K, reserved 1048576K
GC Heap History (20 events):
Event: 41.557 GC heap before
{Heap before GC invocations=39 (full 2):
 PSYoungGen      total 9216K, used 9216K [0x00000000d5580000, 0x00000000d6500000, 0x0000000100000000)
  eden space 8704K, 100% used [0x00000000d5580000,0x00000000d5e00000,0x00000000d5e00000)
  from space 512K, 100% used [0x00000000d6480000,0x00000000d6500000,0x00000000d6500000)
  to   space 2048K, 0% used [0x00000000d6100000,0x00000000d6100000,0x00000000d6300000)
 ParOldGen       total 68608K, used 52371K [0x0000000080000000, 0x0000000084300000, 0x00000000d5580000)
  object space 68608K, 76% used [0x0000000080000000,0x0000000083324d90,0x0000000084300000)
 Metaspace       used 53629K, committed 54976K, reserved 1114112K
  class space    used 5927K, committed 6528K, reserved 1048576K
}
Event: 41.559 GC heap after
{Heap after GC invocations=39 (full 2):
 PSYoungGen      total 10752K, used 864K [0x00000000d5580000, 0x00000000d6500000, 0x0000000100000000)
  eden space 8704K, 0% used [0x00000000d5580000,0x00000000d5580000,0x00000000d5e00000)
  from space 2048K, 42% used [0x00000000d6100000,0x00000000d61d8000,0x00000000d6300000)
  to   space 1536K, 0% used [0x00000000d6380000,0x00000000d6380000,0x00000000d6500000)
 ParOldGen       total 68608K, used 52899K [0x0000000080000000, 0x0000000084300000, 0x00000000d5580000)
  object space 68608K, 77% used [0x0000000080000000,0x00000000833a8d90,0x0000000084300000)
 Metaspace       used 53629K, committed 54976K, reserved 1114112K
  class space    used 5927K, committed 6528K, reserved 1048576K
}
Event: 41.605 GC heap before
{Heap before GC invocations=40 (full 2):
 PSYoungGen      total 10752K, used 9568K [0x00000000d5580000, 0x00000000d6500000, 0x0000000100000000)
  eden space 8704K, 100% used [0x00000000d5580000,0x00000000d5e00000,0x00000000d5e00000)
  from space 2048K, 42% used [0x00000000d6100000,0x00000000d61d8000,0x00000000d6300000)
  to   space 1536K, 0% used [0x00000000d6380000,0x00000000d6380000,0x00000000d6500000)
 ParOldGen       total 68608K, used 52899K [0x0000000080000000, 0x0000000084300000, 0x00000000d5580000)
  object space 68608K, 77% used [0x0000000080000000,0x00000000833a8d90,0x0000000084300000)
 Metaspace       used 53651K, committed 54976K, reserved 1114112K
  class space    used 5927K, committed 6528K, reserved 1048576K
}
Event: 41.608 GC heap after
{Heap after GC invocations=40 (full 2):
 PSYoungGen      total 9728K, used 864K [0x00000000d5580000, 0x00000000d6480000, 0x0000000100000000)
  eden space 8704K, 0% used [0x00000000d5580000,0x00000000d5580000,0x00000000d5e00000)
  from space 1024K, 84% used [0x00000000d6380000,0x00000000d6458000,0x00000000d6480000)
  to   space 1024K, 0% used [0x00000000d6280000,0x00000000d6280000,0x00000000d6380000)
 ParOldGen       total 68608K, used 53683K [0x0000000080000000, 0x0000000084300000, 0x00000000d5580000)
  object space 68608K, 78% used [0x0000000080000000,0x000000008346cd90,0x0000000084300000)
 Metaspace       used 53651K, committed 54976K, reserved 1114112K
  class space    used 5927K, committed 6528K, reserved 1048576K
}
Event: 41.648 GC heap before
{Heap before GC invocations=41 (full 2):
 PSYoungGen      total 9728K, used 9568K [0x00000000d5580000, 0x00000000d6480000, 0x0000000100000000)
  eden space 8704K, 100% used [0x00000000d5580000,0x00000000d5e00000,0x00000000d5e00000)
  from space 1024K, 84% used [0x00000000d6380000,0x00000000d6458000,0x00000000d6480000)
  to   space 1024K, 0% used [0x00000000d6280000,0x00000000d6280000,0x00000000d6380000)
 ParOldGen       total 68608K, used 53683K [0x0000000080000000, 0x0000000084300000, 0x00000000d5580000)
  object space 68608K, 78% used [0x0000000080000000,0x000000008346cd90,0x0000000084300000)
 Metaspace       used 53680K, committed 55040K, reserved 1114112K
  class space    used 5927K, committed 6528K, reserved 1048576K
}
Event: 41.650 GC heap after
{Heap after GC invocations=41 (full 2):
 PSYoungGen      total 9728K, used 992K [0x00000000d5580000, 0x00000000d6400000, 0x0000000100000000)
  eden space 8704K, 0% used [0x00000000d5580000,0x00000000d5580000,0x00000000d5e00000)
  from space 1024K, 96% used [0x00000000d6280000,0x00000000d6378010,0x00000000d6380000)
  to   space 512K, 0% used [0x00000000d6380000,0x00000000d6380000,0x00000000d6400000)
 ParOldGen       total 68608K, used 54443K [0x0000000080000000, 0x0000000084300000, 0x00000000d5580000)
  object space 68608K, 79% used [0x0000000080000000,0x000000008352ad90,0x0000000084300000)
 Metaspace       used 53680K, committed 55040K, reserved 1114112K
  class space    used 5927K, committed 6528K, reserved 1048576K
}
Event: 41.679 GC heap before
{Heap before GC invocations=42 (full 2):
 PSYoungGen      total 9728K, used 9696K [0x00000000d5580000, 0x00000000d6400000, 0x0000000100000000)
  eden space 8704K, 100% used [0x00000000d5580000,0x00000000d5e00000,0x00000000d5e00000)
  from space 1024K, 96% used [0x00000000d6280000,0x00000000d6378010,0x00000000d6380000)
  to   space 512K, 0% used [0x00000000d6380000,0x00000000d6380000,0x00000000d6400000)
 ParOldGen       total 68608K, used 54443K [0x0000000080000000, 0x0000000084300000, 0x00000000d5580000)
  object space 68608K, 79% used [0x0000000080000000,0x000000008352ad90,0x0000000084300000)
 Metaspace       used 53703K, committed 55040K, reserved 1114112K
  class space    used 5927K, committed 6528K, reserved 1048576K
}
Event: 41.681 GC heap after
{Heap after GC invocations=42 (full 2):
 PSYoungGen      total 9216K, used 512K [0x00000000d5580000, 0x00000000d6400000, 0x0000000100000000)
  eden space 8704K, 0% used [0x00000000d5580000,0x00000000d5580000,0x00000000d5e00000)
  from space 512K, 100% used [0x00000000d6380000,0x00000000d6400000,0x00000000d6400000)
  to   space 2048K, 0% used [0x00000000d6000000,0x00000000d6000000,0x00000000d6200000)
 ParOldGen       total 68608K, used 55651K [0x0000000080000000, 0x0000000084300000, 0x00000000d5580000)
  object space 68608K, 81% used [0x0000000080000000,0x0000000083658da0,0x0000000084300000)
 Metaspace       used 53703K, committed 55040K, reserved 1114112K
  class space    used 5927K, committed 6528K, reserved 1048576K
}
Event: 41.710 GC heap before
{Heap before GC invocations=43 (full 2):
 PSYoungGen      total 9216K, used 9216K [0x00000000d5580000, 0x00000000d6400000, 0x0000000100000000)
  eden space 8704K, 100% used [0x00000000d5580000,0x00000000d5e00000,0x00000000d5e00000)
  from space 512K, 100% used [0x00000000d6380000,0x00000000d6400000,0x00000000d6400000)
  to   space 2048K, 0% used [0x00000000d6000000,0x00000000d6000000,0x00000000d6200000)
 ParOldGen       total 68608K, used 55651K [0x0000000080000000, 0x0000000084300000, 0x00000000d5580000)
  object space 68608K, 81% used [0x0000000080000000,0x0000000083658da0,0x0000000084300000)
 Metaspace       used 53739K, committed 55040K, reserved 1114112K
  class space    used 5927K, committed 6528K, reserved 1048576K
}
Event: 41.712 GC heap after
{Heap after GC invocations=43 (full 2):
 PSYoungGen      total 10752K, used 896K [0x00000000d5580000, 0x00000000d6400000, 0x0000000100000000)
  eden space 8704K, 0% used [0x00000000d5580000,0x00000000d5580000,0x00000000d5e00000)
  from space 2048K, 43% used [0x00000000d6000000,0x00000000d60e0000,0x00000000d6200000)
  to   space 1536K, 0% used [0x00000000d6280000,0x00000000d6280000,0x00000000d6400000)
 ParOldGen       total 68608K, used 56187K [0x0000000080000000, 0x0000000084300000, 0x00000000d5580000)
  object space 68608K, 81% used [0x0000000080000000,0x00000000836deda0,0x0000000084300000)
 Metaspace       used 53739K, committed 55040K, reserved 1114112K
  class space    used 5927K, committed 6528K, reserved 1048576K
}
Event: 41.732 GC heap before
{Heap before GC invocations=44 (full 2):
 PSYoungGen      total 10752K, used 9600K [0x00000000d5580000, 0x00000000d6400000, 0x0000000100000000)
  eden space 8704K, 100% used [0x00000000d5580000,0x00000000d5e00000,0x00000000d5e00000)
  from space 2048K, 43% used [0x00000000d6000000,0x00000000d60e0000,0x00000000d6200000)
  to   space 1536K, 0% used [0x00000000d6280000,0x00000000d6280000,0x00000000d6400000)
 ParOldGen       total 68608K, used 56187K [0x0000000080000000, 0x0000000084300000, 0x00000000d5580000)
  object space 68608K, 81% used [0x0000000080000000,0x00000000836deda0,0x0000000084300000)
 Metaspace       used 53752K, committed 55104K, reserved 1114112K
  class space    used 5927K, committed 6528K, reserved 1048576K
}
Event: 41.734 GC heap after
{Heap after GC invocations=44 (full 2):
 PSYoungGen      total 10240K, used 1056K [0x00000000d5580000, 0x00000000d6400000, 0x0000000100000000)
  eden space 8704K, 0% used [0x00000000d5580000,0x00000000d5580000,0x00000000d5e00000)
  from space 1536K, 68% used [0x00000000d6280000,0x00000000d6388000,0x00000000d6400000)
  to   space 1536K, 0% used [0x00000000d6100000,0x00000000d6100000,0x00000000d6280000)
 ParOldGen       total 68608K, used 56955K [0x0000000080000000, 0x0000000084300000, 0x00000000d5580000)
  object space 68608K, 83% used [0x0000000080000000,0x000000008379efa0,0x0000000084300000)
 Metaspace       used 53752K, committed 55104K, reserved 1114112K
  class space    used 5927K, committed 6528K, reserved 1048576K
}
Event: 41.843 GC heap before
{Heap before GC invocations=45 (full 2):
 PSYoungGen      total 10240K, used 9760K [0x00000000d5580000, 0x00000000d6400000, 0x0000000100000000)
  eden space 8704K, 100% used [0x00000000d5580000,0x00000000d5e00000,0x00000000d5e00000)
  from space 1536K, 68% used [0x00000000d6280000,0x00000000d6388000,0x00000000d6400000)
  to   space 1536K, 0% used [0x00000000d6100000,0x00000000d6100000,0x00000000d6280000)
 ParOldGen       total 68608K, used 56955K [0x0000000080000000, 0x0000000084300000, 0x00000000d5580000)
  object space 68608K, 83% used [0x0000000080000000,0x000000008379efa0,0x0000000084300000)
 Metaspace       used 54406K, committed 55744K, reserved 1114112K
  class space    used 6037K, committed 6656K, reserved 1048576K
}
Event: 41.845 GC heap after
{Heap after GC invocations=45 (full 2):
 PSYoungGen      total 9728K, used 544K [0x00000000d5580000, 0x00000000d6300000, 0x0000000100000000)
  eden space 8704K, 0% used [0x00000000d5580000,0x00000000d5580000,0x00000000d5e00000)
  from space 1024K, 53% used [0x00000000d6100000,0x00000000d6188000,0x00000000d6200000)
  to   space 1024K, 0% used [0x00000000d6200000,0x00000000d6200000,0x00000000d6300000)
 ParOldGen       total 68608K, used 57632K [0x0000000080000000, 0x0000000084300000, 0x00000000d5580000)
  object space 68608K, 84% used [0x0000000080000000,0x00000000838482f8,0x0000000084300000)
 Metaspace       used 54406K, committed 55744K, reserved 1114112K
  class space    used 6037K, committed 6656K, reserved 1048576K
}
Event: 42.053 GC heap before
{Heap before GC invocations=46 (full 2):
 PSYoungGen      total 9728K, used 9225K [0x00000000d5580000, 0x00000000d6300000, 0x0000000100000000)
  eden space 8704K, 99% used [0x00000000d5580000,0x00000000d5dfa5c0,0x00000000d5e00000)
  from space 1024K, 53% used [0x00000000d6100000,0x00000000d6188000,0x00000000d6200000)
  to   space 1024K, 0% used [0x00000000d6200000,0x00000000d6200000,0x00000000d6300000)
 ParOldGen       total 68608K, used 57632K [0x0000000080000000, 0x0000000084300000, 0x00000000d5580000)
  object space 68608K, 84% used [0x0000000080000000,0x00000000838482f8,0x0000000084300000)
 Metaspace       used 55692K, committed 57088K, reserved 1114112K
  class space    used 6163K, committed 6784K, reserved 1048576K
}
Event: 42.056 GC heap after
{Heap after GC invocations=46 (full 2):
 PSYoungGen      total 9728K, used 541K [0x00000000d5580000, 0x00000000d6300000, 0x0000000100000000)
  eden space 8704K, 0% used [0x00000000d5580000,0x00000000d5580000,0x00000000d5e00000)
  from space 1024K, 52% used [0x00000000d6200000,0x00000000d6287700,0x00000000d6300000)
  to   space 1024K, 0% used [0x00000000d6100000,0x00000000d6100000,0x00000000d6200000)
 ParOldGen       total 68608K, used 58088K [0x0000000080000000, 0x0000000084300000, 0x00000000d5580000)
  object space 68608K, 84% used [0x0000000080000000,0x00000000838ba128,0x0000000084300000)
 Metaspace       used 55692K, committed 57088K, reserved 1114112K
  class space    used 6163K, committed 6784K, reserved 1048576K
}
Event: 42.624 GC heap before
{Heap before GC invocations=47 (full 2):
 PSYoungGen      total 9728K, used 9227K [0x00000000d5580000, 0x00000000d6300000, 0x0000000100000000)
  eden space 8704K, 99% used [0x00000000d5580000,0x00000000d5dfb810,0x00000000d5e00000)
  from space 1024K, 52% used [0x00000000d6200000,0x00000000d6287700,0x00000000d6300000)
  to   space 1024K, 0% used [0x00000000d6100000,0x00000000d6100000,0x00000000d6200000)
 ParOldGen       total 68608K, used 58088K [0x0000000080000000, 0x0000000084300000, 0x00000000d5580000)
  object space 68608K, 84% used [0x0000000080000000,0x00000000838ba128,0x0000000084300000)
 Metaspace       used 56010K, committed 57344K, reserved 1114112K
  class space    used 6210K, committed 6784K, reserved 1048576K
}
Event: 42.626 GC heap after
{Heap after GC invocations=47 (full 2):
 PSYoungGen      total 9728K, used 192K [0x00000000d5580000, 0x00000000d6280000, 0x0000000100000000)
  eden space 8704K, 0% used [0x00000000d5580000,0x00000000d5580000,0x00000000d5e00000)
  from space 1024K, 18% used [0x00000000d6100000,0x00000000d6130000,0x00000000d6200000)
  to   space 512K, 0% used [0x00000000d6200000,0x00000000d6200000,0x00000000d6280000)
 ParOldGen       total 68608K, used 58583K [0x0000000080000000, 0x0000000084300000, 0x00000000d5580000)
  object space 68608K, 85% used [0x0000000080000000,0x0000000083935c80,0x0000000084300000)
 Metaspace       used 56010K, committed 57344K, reserved 1114112K
  class space    used 6210K, committed 6784K, reserved 1048576K
}
Event: 43.060 GC heap before
{Heap before GC invocations=48 (full 2):
 PSYoungGen      total 9728K, used 8854K [0x00000000d5580000, 0x00000000d6280000, 0x0000000100000000)
  eden space 8704K, 99% used [0x00000000d5580000,0x00000000d5df58e8,0x00000000d5e00000)
  from space 1024K, 18% used [0x00000000d6100000,0x00000000d6130000,0x00000000d6200000)
  to   space 512K, 0% used [0x00000000d6200000,0x00000000d6200000,0x00000000d6280000)
 ParOldGen       total 68608K, used 58583K [0x0000000080000000, 0x0000000084300000, 0x00000000d5580000)
  object space 68608K, 85% used [0x0000000080000000,0x0000000083935c80,0x0000000084300000)
 Metaspace       used 56556K, committed 57920K, reserved 1114112K
  class space    used 6253K, committed 6848K, reserved 1048576K
}
Event: 43.062 GC heap after
{Heap after GC invocations=48 (full 2):
 PSYoungGen      total 9216K, used 320K [0x00000000d5580000, 0x00000000d6280000, 0x0000000100000000)
  eden space 8704K, 0% used [0x00000000d5580000,0x00000000d5580000,0x00000000d5e00000)
  from space 512K, 62% used [0x00000000d6200000,0x00000000d6250000,0x00000000d6280000)
  to   space 512K, 0% used [0x00000000d6180000,0x00000000d6180000,0x00000000d6200000)
 ParOldGen       total 68608K, used 58647K [0x0000000080000000, 0x0000000084300000, 0x00000000d5580000)
  object space 68608K, 85% used [0x0000000080000000,0x0000000083945c80,0x0000000084300000)
 Metaspace       used 56556K, committed 57920K, reserved 1114112K
  class space    used 6253K, committed 6848K, reserved 1048576K
}

